<?xml version="1.0" encoding="UTF-8"?>
<testsuite name="githubMerge.hw3Merge" tests="1" skipped="0" failures="0" errors="0" timestamp="2023-01-05T13:30:08" hostname="LAPTOP-57D3LCEV" time="0.012">
  <properties/>
  <testcase name="pullRequest()" classname="githubMerge.hw3Merge" time="0.012"/>
  <system-out><![CDATA[7
]]></system-out>
  <system-err><![CDATA[]]></system-err>
</testsuite>
